1707229466588	geckodriver	INFO	Listening on 127.0.0.1:51158
1707229467059	mozrunner::runner	INFO	Running command: "C:\\Program Files\\Mozilla Firefox\\firefox.exe" "--marionette" "-headless" "--width=1920" "--height=1080"  ...  "--remote-allow-hosts" "localhost" "-no-remote" "-profile" "C:\\Users\\uzcheng\\AppData\\Local\\Temp\\rust_mozprofile25g5ZQ"
*** You are running in headless mode.
console.warn: services.settings: Ignoring preference override of remote settings server
console.warn: services.settings: Allow by setting MOZ_REMOTE_SETTINGS_DEVTOOLS=1 in the environment
1707229467780	Marionette	INFO	Marionette enabled
Dynamically enable window occlusion 0
console.error: "Warning: unrecognized command line flag" "-width"
console.error: "Warning: unrecognized command line flag" "-height"
1707229467942	Marionette	INFO	Listening on port 51169
Read port: 51169
WebDriver BiDi listening on ws://127.0.0.1:51159
1707229468135	RemoteAgent	WARN	TLS certificate errors will be ignored for this session
[GFX1-]: RenderCompositorSWGL failed mapping default framebuffer, no dt
console.error: ({})
DevTools listening on ws://127.0.0.1:51159/devtools/browser/c75a36fc-3670-4c0a-a3c1-e7672bd7324c
JavaScript warning: https://pagead2.googlesyndication.com/bg/IHSjRKKj3q_1Pt3c2sGWHmUCy_Bw5n5yhKh9CWyZSw4.js line 2 > eval line 7765 > eval line 1 > eval line 1 > eval, line 1: WEBGL_debug_renderer_info is deprecated in Firefox and will be removed. Please use RENDERER.
1707229495252	Marionette	WARN	Ignoring event 'pageshow' because document has an invalid readyState of 'uninitialized'.
1707229498047	addons.xpi	ERROR	System addon update list error SyntaxError: XMLHttpRequest.open: 'http://%(server)s/dummy-system-addons.xml' is not a valid URL.
JavaScript warning: https://pagead2.googlesyndication.com/pagead/managed/js/activeview/current/ufs_web_display.js, line 46: Script terminated by timeout at:
Ta/<@https://pagead2.googlesyndication.com/pagead/managed/js/activeview/current/ufs_web_display.js:46:612
Ta@https://pagead2.googlesyndication.com/pagead/managed/js/activeview/current/ufs_web_display.js:46:594
Ua@https://pagead2.googlesyndication.com/pagead/managed/js/activeview/current/ufs_web_display.js:46:419
k@https://pagead2.googlesyndication.com/pagead/managed/js/activeview/current/ufs_web_display.js:242:1946
nn/</m</<@https://pagead2.googlesyndication.com/pagead/managed/js/activeview/current/ufs_web_display.js:242:2214
n.Id@https://pagead2.googlesyndication.com/pagead/managed/js/activeview/current/ufs_web_display.js:78:425
n.next@https://pagead2.googlesyndication.com/pagead/managed/js/activeview/current/ufs_web_display.js:77:439
n.o@https://pagead2.googlesyndication.com/pagead/managed/js/activeview/current/ufs_web_display.js:76:223
n.next@https://pagead2.googlesyndication.com/pagead/managed/js/activeview/current/ufs_web_display.js:75:859
Pf.prototype.o@https://pagead2.googlesyndication.com/pagead/managed/js/activeview/current/ufs_web_display.js:121:115
n.next@https://pagead2.googlesyndication.com/pagead/managed/js/activeview/current/ufs_web_display.js:75:859
next@https://pagead2.googlesyndication.com/pagead/managed/js/activeview/current/ufs_web_display.js:110:194
n.o@https://pagead2.googlesyndication.com/pagead/managed/js/activeview/current/ufs_web_display.js:76:223
n.next@https://pagead2.googlesyndication.com/pagead/managed/js/activeview/current/ufs_web_display.js:75:859
Pc.prototype.o@https://pagead2.googlesyndication.com/pagead/managed/js/activeview/current/ufs_web_display.js:88:601
n.next@https://pagead2.googlesyndication.com/pagead/managed/js/activeview/current/ufs_web_display.js:75:859
Ve.prototype.o@https://pagead2.googlesyndication.com/pagead/managed/js/activeview/current/ufs_web_display.js:113:248
n.next@https://pagead2.googlesyndication.com/pagead/managed/js/activeview/current/ufs_web_display.js:75:859
n.sa@https://pagead2.googlesyndication.com/pagead/managed/js/activeview/current/ufs_web_display.js:101:367
$c.prototype.o@https://pagead2.googlesyndication.com/pagead/managed/js/activeview/current/ufs_web_display.js:90:1342
n.next@https://pagead2.googlesyndication.com/pagead/managed/js/activeview/current/ufs_web_display.js:75:859
Rh/c/</</<@https://pagead2.googlesyndication.com/pagead/managed/js/activeview/current/ufs_web_display.js:152:320
Va@https://pagead2.googlesyndication.com/pagead/managed/js/activeview/current/ufs_web_display.js:47:339
Sa.prototype.flush@https://pagead2.googlesyndication.com/pagead/managed/js/activeview/current/ufs_web_display.js:47:127
Ua@https://pagead2.googlesyndication.com/pagead/managed/js/activeview/current/ufs_web_display.js:46:466
Rh/c/</<@https://pagead2.googlesyndication.com/pagead/managed/js/activeview/current/ufs_web_display.js:152:292
n.Id@https://pagead2.googlesyndication.com/pagead/managed/js/activeview/current/ufs_web_display.js:78:425
n.next@https://pagead2.googlesyndication.com/pagead/managed/js/activeview/current/ufs_web_display.js:77:439
n.o@https://pagead2.googlesyndication.com/pagead/managed/js/activeview/current/ufs_web_display.js:76:223
n.next@https://pagead2.googlesyndication.com/pagead/managed/js/activeview/current/ufs_web_display.js:75:859
Xg/</</</<@https://pagead2.googlesyndication.com/pagead/managed/js/activeview/current/ufs_web_display.js:138:237
Ra.prototype.Zb/<@https://pagead2.googlesyndication.com/pagead/managed/js/activeview/current/ufs_web_display.js:46:298
Xg/</</<@https://pagead2.googlesyndication.com/pagead/managed/js/activeview/current/ufs_web_display.js:138:246
n.Id@https://pagead2.googlesyndication.com/pagead/managed/js/activeview/current/ufs_web_display.js:78:425
n.next@https://pagead2.googlesyndication.com/pagead/managed/js/activeview/current/ufs_web_display.js:77:439
n.o@https://pagead2.googlesyndication.com/pagead/managed/js/activeview/current/ufs_web_display.js:76:223
n.next@https://pagead2.googlesyndication.com/pagead/managed/js/activeview/current/ufs_web_display.js:75:859
Xg/</</</<@https://pagead2.googlesyndication.com/pagead/managed/js/activeview/current/ufs_web_display.js:138:237
Ra.prototype.Zb/<@https://pagead2.googlesyndication.com/pagead/managed/js/activeview/current/ufs_web_display.js:46:298
Xg/</</<@https://pagead2.googlesyndication.com/pagead/managed/js/activeview/current/ufs_web_display.js:138:246
n.Id@https://pagead2.googlesyndication.com/pagead/managed/js/activeview/current/ufs_web_display.js:78:425
n.next@https://pagead2.googlesyndication.com/pagead/managed/js/activeview/current/ufs_web_display.js:77:439
n.o@https://pagead2.googlesyndication.com/pagead/managed/js/activeview/current/ufs_web_display.js:76:223
n.next@https://pagead2.googlesyndication.com/pagead/managed/js/activeview/current/ufs_web_display.js:75:859
qd/</<@https://pagead2.googlesyndication.com/pagead/managed/js/activeview/current/ufs_web_display.js:96:671

JavaScript warning: https://pagead2.googlesyndication.com/bg/IHSjRKKj3q_1Pt3c2sGWHmUCy_Bw5n5yhKh9CWyZSw4.js line 2 > eval line 2454 > eval line 1 > eval line 1 > eval, line 1: WEBGL_debug_renderer_info is deprecated in Firefox and will be removed. Please use RENDERER.
JavaScript error: , line 0: TypeError: NetworkError when attempting to fetch resource.
JavaScript warning: https://pagead2.googlesyndication.com/bg/IHSjRKKj3q_1Pt3c2sGWHmUCy_Bw5n5yhKh9CWyZSw4.js line 2 > eval line 6168 > eval line 1 > eval line 1 > eval, line 1: WEBGL_debug_renderer_info is deprecated in Firefox and will be removed. Please use RENDERER.
[GFX1-]: Managed to allocate after flush.
Exiting due to channel error.
Exiting due to channel error.
Exiting due to channel error.
Exiting due to channel error.
Exiting due to channel error.
Exiting due to channel error.
--remote-allow-hosts" "localhost" "-no-remote" "-profile" "C:\\Users\\uzcheng\\AppData\\Local\\Temp\\rust_mozprofileeuClhf"
*** You are running in headless mode.
console.warn: services.settings: Ignoring preference override of remote settings server
console.warn: services.settings: Allow by setting MOZ_REMOTE_SETTINGS_DEVTOOLS=1 in the environment
1707229860207	Marionette	INFO	Marionette enabled
Dynamically enable window occlusion 0
console.error: "Warning: unrecognized command line flag" "-width"
console.error: "Warning: unrecognized command line flag" "-height"
1707229860371	Marionette	INFO	Listening on port 63957
WebDriver BiDi listening on ws://127.0.0.1:63951
Read port: 63957
1707229860840	RemoteAgent	WARN	TLS certificate errors will be ignored for this session
[GFX1-]: RenderCompositorSWGL failed mapping default framebuffer, no dt
console.error: ({})
DevTools listening on ws://127.0.0.1:63951/devtools/browser/861e3c54-9032-4112-843c-b739c949a1e1
JavaScript warning: https://pagead2.googlesyndication.com/bg/IHSjRKKj3q_1Pt3c2sGWHmUCy_Bw5n5yhKh9CWyZSw4.js line 2 > eval line 5453 > eval line 1 > eval line 1 > eval, line 1: WEBGL_debug_renderer_info is deprecated in Firefox and will be removed. Please use RENDERER.
1707229890141	Marionette	WARN	Ignoring event 'pageshow' because document has an invalid readyState of 'uninitialized'.
1707229891019	addons.xpi	ERROR	System addon update list error SyntaxError: XMLHttpRequest.open: 'http://%(server)s/dummy-system-addons.xml' is not a valid URL.
1707229934953	Marionette	WARN	Ignoring event 'pageshow' because document has an invalid readyState of 'uninitialized'.
JavaScript error: https://static.coingecko.com/s/application-3f82b1299018dee2b3978a69b713ef1b6b6dcb49d36a8a7eb56c945192bf2204.js, line 1: ReferenceError: CKEDITOR is not defined
JavaScript error: , line 0: TypeError: NetworkError when attempting to fetch resource.
JavaScript warning: https://pagead2.googlesyndication.com/bg/IHSjRKKj3q_1Pt3c2sGWHmUCy_Bw5n5yhKh9CWyZSw4.js line 2 > eval line 7780 > eval line 1 > eval line 1 > eval, line 1: WEBGL_debug_renderer_info is deprecated in Firefox and will be removed. Please use RENDERER.
Exiting due to channel error.
Exiting due to channel error.
Exiting due to channel error.
Exiting due to channel error.
am Files\\Mozilla Firefox\\firefox.exe" "--marionette" "-headless" "--width=1920" "--height=1080"  ...  "--remote-allow-hosts" "localhost" "-no-remote" "-profile" "C:\\Users\\uzcheng\\AppData\\Local\\Temp\\rust_mozprofilePLAKie"
*** You are running in headless mode.
console.warn: services.settings: Ignoring preference override of remote settings server
console.warn: services.settings: Allow by setting MOZ_REMOTE_SETTINGS_DEVTOOLS=1 in the environment
1707231378360	Marionette	INFO	Marionette enabled
Dynamically enable window occlusion 0
console.error: "Warning: unrecognized command line flag" "-width"
console.error: "Warning: unrecognized command line flag" "-height"
1707231378487	Marionette	INFO	Listening on port 55691
WebDriver BiDi listening on ws://127.0.0.1:55686
Read port: 55691
1707231378760	RemoteAgent	WARN	TLS certificate errors will be ignored for this session
[GFX1-]: RenderCompositorSWGL failed mapping default framebuffer, no dt
console.error: ({})
DevTools listening on ws://127.0.0.1:55686/devtools/browser/bf55b618-68bf-44c5-808e-311ae9fc81d1
1707231383669	Marionette	WARN	Ignoring event 'DOMContentLoaded' because document has an invalid readyState of 'complete'.
JavaScript error: , line 0: uncaught exception: undefined
1707231386343	Marionette	WARN	Ignoring event 'pageshow' because document has an invalid readyState of 'uninitialized'.
JavaScript warning: https://pagead2.googlesyndication.com/bg/IHSjRKKj3q_1Pt3c2sGWHmUCy_Bw5n5yhKh9CWyZSw4.js line 2 > eval line 3929 > eval line 1 > eval line 1 > eval, line 1: WEBGL_debug_renderer_info is deprecated in Firefox and will be removed. Please use RENDERER.
JavaScript warning: https://s0.2mdn.net/879366/dfa7banner_html_inpage_rendering_lib_200_268.js, line 41: Script terminated by timeout at:
Vd@https://s0.2mdn.net/879366/dfa7banner_html_inpage_rendering_lib_200_268.js:41:634
Yd@https://s0.2mdn.net/879366/dfa7banner_html_inpage_rendering_lib_200_268.js:41:944
ke@https://s0.2mdn.net/879366/dfa7banner_html_inpage_rendering_lib_200_268.js:43:486
re/<@https://s0.2mdn.net/879366/dfa7banner_html_inpage_rendering_lib_200_268.js:46:616
Ma@https://s0.2mdn.net/879366/dfa7banner_html_inpage_rendering_lib_200_268.js:21:487
re@https://s0.2mdn.net/879366/dfa7banner_html_inpage_rendering_lib_200_268.js:46:571
oe.prototype.G@https://s0.2mdn.net/879366/dfa7banner_html_inpage_rendering_lib_200_268.js:46:680
J.prototype.dispose@https://s0.2mdn.net/879366/dfa7banner_html_inpage_rendering_lib_200_268.js:39:1984
Kh@https://s0.2mdn.net/879366/dfa7banner_html_inpage_rendering_lib_200_268.js:123:85
Jh.prototype.s@https://s0.2mdn.net/879366/dfa7banner_html_inpage_rendering_lib_200_268.js:123:174
Jh.prototype.g@https://s0.2mdn.net/879366/dfa7banner_html_inpage_rendering_lib_200_268.js:122:474
le@https://s0.2mdn.net/879366/dfa7banner_html_inpage_rendering_lib_200_268.js:45:16
ie@https://s0.2mdn.net/879366/dfa7banner_html_inpage_rendering_lib_200_268.js:45:465
ge/b<@https://s0.2mdn.net/879366/dfa7banner_html_inpage_rendering_lib_200_268.js:42:292

JavaScript warning: https://pagead2.googlesyndication.com/bg/IHSjRKKj3q_1Pt3c2sGWHmUCy_Bw5n5yhKh9CWyZSw4.js line 2 > eval line 3015 > eval line 1 > eval line 1 > eval, line 1: WEBGL_debug_renderer_info is deprecated in Firefox and will be removed. Please use RENDERER.
JavaScript warning: https://pagead2.googlesyndication.com/pagead/managed/js/activeview/current/ufs_web_display.js, line 46: Script terminated by timeout at:
Ta@https://pagead2.googlesyndication.com/pagead/managed/js/activeview/current/ufs_web_display.js:46:517
Ua@https://pagead2.googlesyndication.com/pagead/managed/js/activeview/current/ufs_web_display.js:46:419
l@https://pagead2.googlesyndication.com/pagead/managed/js/activeview/current/ufs_web_display.js:242:2098
nn/</m</<@https://pagead2.googlesyndication.com/pagead/managed/js/activeview/current/ufs_web_display.js:242:2277
c@https://pagead2.googlesyndication.com/pagead/managed/js/activeview/current/ufs_web_display.js:78:331
n.Id@https://pagead2.googlesyndication.com/pagead/managed/js/activeview/current/ufs_web_display.js:78:425
n.complete@https://pagead2.googlesyndication.com/pagead/managed/js/activeview/current/ufs_web_display.js:78:373
n.D@https://pagead2.googlesyndication.com/pagead/managed/js/activeview/current/ufs_web_display.js:76:326
n.complete@https://pagead2.googlesyndication.com/pagead/managed/js/activeview/current/ufs_web_display.js:76:98
Pf.prototype.D@https://pagead2.googlesyndication.com/pagead/managed/js/activeview/current/ufs_web_display.js:121:366
n.complete@https://pagead2.googlesyndication.com/pagead/managed/js/activeview/current/ufs_web_display.js:76:98
complete@https://pagead2.googlesyndication.com/pagead/managed/js/activeview/current/ufs_web_display.js:110:354
n.D@https://pagead2.googlesyndication.com/pagead/managed/js/activeview/current/ufs_web_display.js:76:326
n.complete@https://pagead2.googlesyndication.com/pagead/managed/js/activeview/current/ufs_web_display.js:76:98
n.D@https://pagead2.googlesyndication.com/pagead/managed/js/activeview/current/ufs_web_display.js:76:326
n.complete@https://pagead2.googlesyndication.com/pagead/managed/js/activeview/current/ufs_web_display.js:76:98
n.D@https://pagead2.googlesyndication.com/pagead/managed/js/activeview/current/ufs_web_display.js:76:326
n.complete@https://pagead2.googlesyndication.com/pagead/managed/js/activeview/current/ufs_web_display.js:76:98
R.prototype.U@https://pagead2.googlesyndication.com/pagead/managed/js/activeview/current/ufs_web_display.js:92:43
n.U@https://pagead2.googlesyndication.com/pagead/managed/js/activeview/current/ufs_web_display.js:101:417
$c.prototype.D@https://pagead2.googlesyndication.com/pagead/managed/js/activeview/current/ufs_web_display.js:91:39
n.complete@https://pagead2.googlesyndication.com/pagead/managed/js/activeview/current/ufs_web_display.js:76:98
Rh/c/</</<@https://pagead2.googlesyndication.com/pagead/managed/js/activeview/current/ufs_web_display.js:152:430
Va@https://pagead2.googlesyndication.com/pagead/managed/js/activeview/current/ufs_web_display.js:47:339
Sa.prototype.flush@https://pagead2.googlesyndication.com/pagead/managed/js/activeview/current/ufs_web_display.js:47:127
Ua@https://pagead2.googlesyndication.com/pagead/managed/js/activeview/current/ufs_web_display.js:46:466
Rh/c/</<@https://pagead2.googlesyndication.com/pagead/managed/js/activeview/current/ufs_web_display.js:152:292
n.Id@https://pagead2.googlesyndication.com/pagead/managed/js/activeview/current/ufs_web_display.js:78:425
n.next@https://pagead2.googlesyndication.com/pagead/managed/js/activeview/current/ufs_web_display.js:77:439
n.o@https://pagead2.googlesyndication.com/pagead/managed/js/activeview/current/ufs_web_display.js:76:223
n.next@https://pagead2.googlesyndication.com/pagead/managed/js/activeview/current/ufs_web_display.js:75:859
Xg/</</</<@https://pagead2.googlesyndication.com/pagead/managed/js/activeview/current/ufs_web_display.js:138:237
Ra.prototype.Zb/<@https://pagead2.googlesyndication.com/pagead/managed/js/activeview/current/ufs_web_display.js:46:298
Xg/</</<@https://pagead2.googlesyndication.com/pagead/managed/js/activeview/current/ufs_web_display.js:138:246
n.Id@https://pagead2.googlesyndication.com/pagead/managed/js/activeview/current/ufs_web_display.js:78:425
n.next@https://pagead2.googlesyndication.com/pagead/managed/js/activeview/current/ufs_web_display.js:77:439
n.o@https://pagead2.googlesyndication.com/pagead/managed/js/activeview/current/ufs_web_display.js:76:223
n.next@https://pagead2.googlesyndication.com/pagead/managed/js/activeview/current/ufs_web_display.js:75:859
Xg/</</</<@https://pagead2.googlesyndication.com/pagead/managed/js/activeview/current/ufs_web_display.js:138:237
Ra.prototype.Zb/<@https://pagead2.googlesyndication.com/pagead/managed/js/activeview/current/ufs_web_display.js:46:298
Xg/</</<@https://pagead2.googlesyndication.com/pagead/managed/js/activeview/current/ufs_web_display.js:138:246
n.Id@https://pagead2.googlesyndication.com/pagead/managed/js/activeview/current/ufs_web_display.js:78:425
n.next@https://pagead2.googlesyndication.com/pagead/managed/js/activeview/current/ufs_web_display.js:77:439
n.o@https://pagead2.googlesyndication.com/pagead/managed/js/activeview/current/ufs_web_display.js:76:223
n.next@https://pagead2.googlesyndication.com/pagead/managed/js/activeview/current/ufs_web_display.js:75:859
qd/</<@https://pagead2.googlesyndication.com/pagead/managed/js/activeview/current/ufs_web_display.js:96:671

JavaScript warning: https://pagead2.googlesyndication.com/bg/IHSjRKKj3q_1Pt3c2sGWHmUCy_Bw5n5yhKh9CWyZSw4.js line 2 > eval line 5941 > eval line 1 > eval line 1 > eval, line 1: WEBGL_debug_renderer_info is deprecated in Firefox and will be removed. Please use RENDERER.
JavaScript warning: https://pagead2.googlesyndication.com/bg/IHSjRKKj3q_1Pt3c2sGWHmUCy_Bw5n5yhKh9CWyZSw4.js line 2 > eval line 5010 > eval line 1 > eval line 1 > eval, line 1: WEBGL_debug_renderer_info is deprecated in Firefox and will be removed. Please use RENDERER.
JavaScript warning: https://cdn.bmcdn6.com/js/source/947868168372.js?v=1.0.16, line 2: WebGL context was lost.
JavaScript warning: https://cdn.bmcdn6.com/js/source/947868168372.js?v=1.0.16, line 2: WEBGL_debug_renderer_info is deprecated in Firefox and will be removed. Please use RENDERER.
JavaScript warning: https://cdn.bmcdn6.com/js/source/947868168372.js?v=1.0.16, line 2: WebGL context was lost.
JavaScript warning: https://cdn.bmcdn6.com/js/source/947868168372.js?v=1.0.16, line 2: WebGL context was lost.
JavaScript warning: https://cdn.bmcdn6.com/js/source/947868168372.js?v=1.0.16, line 2: WEBGL_debug_renderer_info is deprecated in Firefox and will be removed. Please use RENDERER.
JavaScript warning: https://cdn.bmcdn6.com/js/source/947868168372.js?v=1.0.16, line 2: WebGL context was lost.
1707231409453	addons.xpi	ERROR	System addon update list error SyntaxError: XMLHttpRequest.open: 'http://%(server)s/dummy-system-addons.xml' is not a valid URL.
Exiting due to channel error.
Exiting due to channel error.
Exiting due to channel error.
Exiting due to channel error.
1707231441372	geckodriver	INFO	Listening on 127.0.0.1:64382
1707231441840	mozrunner::runner	INFO	Running command: "C:\\Program Files\\Mozilla Firefox\\firefox.exe" "--marionette" "-headless" "--width=1920" "--height=1080"  ...  "--remote-allow-hosts" "localhost" "-no-remote" "-profile" "C:\\Users\\uzcheng\\AppData\\Local\\Temp\\rust_mozprofile0RJd0h"
*** You are running in headless mode.
console.warn: services.settings: Ignoring preference override of remote settings server
console.warn: services.settings: Allow by setting MOZ_REMOTE_SETTINGS_DEVTOOLS=1 in the environment
1707231442875	Marionette	INFO	Marionette enabled
Dynamically enable window occlusion 0
console.error: "Warning: unrecognized command line flag" "-width"
console.error: "Warning: unrecognized command line flag" "-height"
1707231443044	Marionette	INFO	Listening on port 64388
Read port: 64388
WebDriver BiDi listening on ws://127.0.0.1:64383
1707231443248	RemoteAgent	WARN	TLS certificate errors will be ignored for this session
[GFX1-]: RenderCompositorSWGL failed mapping default framebuffer, no dt
console.error: ({})
DevTools listening on ws://127.0.0.1:64383/devtools/browser/10458902-2dc5-4aee-820e-50e101480670
JavaScript error: https://static.coingecko.com/s/application-3f82b1299018dee2b3978a69b713ef1b6b6dcb49d36a8a7eb56c945192bf2204.js, line 1: ReferenceError: CKEDITOR is not defined
JavaScript warning: https://pagead2.googlesyndication.com/bg/IHSjRKKj3q_1Pt3c2sGWHmUCy_Bw5n5yhKh9CWyZSw4.js line 2 > eval line 927 > eval line 1 > eval line 1 > eval, line 1: WEBGL_debug_renderer_info is deprecated in Firefox and will be removed. Please use RENDERER.
1707231470258	Marionette	WARN	Ignoring event 'pageshow' because document has an invalid readyState of 'uninitialized'.
1707231472907	addons.xpi	ERROR	System addon update list error SyntaxError: XMLHttpRequest.open: 'http://%(server)s/dummy-system-addons.xml' is not a valid URL.
Exiting due to channel error.
Exiting due to channel error.
Exiting due to channel error.
Exiting due to channel error.
Exiting due to channel error.
Exiting due to channel error.
Exiting due to channel error.
Exiting due to channel error.
Exiting due to channel error.
Exiting due to channel error.
Exiting due to channel error.
file7m1ZME"
*** You are running in headless mode.
console.warn: services.settings: Ignoring preference override of remote settings server
console.warn: services.settings: Allow by setting MOZ_REMOTE_SETTINGS_DEVTOOLS=1 in the environment
1707231503199	Marionette	INFO	Marionette enabled
Dynamically enable window occlusion 0
console.error: "Warning: unrecognized command line flag" "-width"
console.error: "Warning: unrecognized command line flag" "-height"
1707231503304	Marionette	INFO	Listening on port 61384
WebDriver BiDi listening on ws://127.0.0.1:61279
Read port: 61384
1707231503645	RemoteAgent	WARN	TLS certificate errors will be ignored for this session
[GFX1-]: RenderCompositorSWGL failed mapping default framebuffer, no dt
console.error: ({})
DevTools listening on ws://127.0.0.1:61279/devtools/browser/4f258bb4-6505-4499-9bb8-b6cf9902ffc7
JavaScript error: https://static.coingecko.com/s/application-3f82b1299018dee2b3978a69b713ef1b6b6dcb49d36a8a7eb56c945192bf2204.js, line 1: ReferenceError: CKEDITOR is not defined
JavaScript warning: https://pagead2.googlesyndication.com/bg/IHSjRKKj3q_1Pt3c2sGWHmUCy_Bw5n5yhKh9CWyZSw4.js line 2 > eval line 5570 > eval line 1 > eval line 1 > eval, line 1: WEBGL_debug_renderer_info is deprecated in Firefox and will be removed. Please use RENDERER.
JavaScript warning: https://s0.2mdn.net/879366/dfa7banner_html_inpage_rendering_lib_200_268.js, line 18: Script terminated by timeout at:
w@https://s0.2mdn.net/879366/dfa7banner_html_inpage_rendering_lib_200_268.js:18:281
h.aa@https://s0.2mdn.net/879366/dfa7banner_html_inpage_rendering_lib_200_268.js:135:1527
le@https://s0.2mdn.net/879366/dfa7banner_html_inpage_rendering_lib_200_268.js:45:16
ie@https://s0.2mdn.net/879366/dfa7banner_html_inpage_rendering_lib_200_268.js:45:465
ge/b<@https://s0.2mdn.net/879366/dfa7banner_html_inpage_rendering_lib_200_268.js:42:292

JavaScript error: , line 0: TypeError: NetworkError when attempting to fetch resource.
JavaScript error: https://static.coingecko.com/s/application-3f82b1299018dee2b3978a69b713ef1b6b6dcb49d36a8a7eb56c945192bf2204.js, line 1: ReferenceError: CKEDITOR is not defined
JavaScript warning: https://pagead2.googlesyndication.com/bg/IHSjRKKj3q_1Pt3c2sGWHmUCy_Bw5n5yhKh9CWyZSw4.js line 2 > eval line 5320 > eval line 1 > eval line 1 > eval, line 1: WEBGL_debug_renderer_info is deprecated in Firefox and will be removed. Please use RENDERER.
JavaScript warning: https://cdn.bmcdn6.com/js/source/947868168372.js?v=1.0.16, line 2: WebGL context was lost.
JavaScript warning: https://cdn.bmcdn6.com/js/source/947868168372.js?v=1.0.16, line 2: WEBGL_debug_renderer_info is deprecated in Firefox and will be removed. Please use RENDERER.
JavaScript warning: https://cdn.bmcdn6.com/js/source/947868168372.js?v=1.0.16, line 2: WebGL context was lost.
JavaScript warning: https://cdn.bmcdn6.com/js/source/947868168372.js?v=1.0.16, line 2: WebGL context was lost.
JavaScript warning: https://cdn.bmcdn6.com/js/source/947868168372.js?v=1.0.16, line 2: WEBGL_debug_renderer_info is deprecated in Firefox and will be removed. Please use RENDERER.
JavaScript warning: https://cdn.bmcdn6.com/js/source/947868168372.js?v=1.0.16, line 2: WebGL context was lost.
1707231534138	addons.xpi	ERROR	System addon update list error SyntaxError: XMLHttpRequest.open: 'http://%(server)s/dummy-system-addons.xml' is not a valid URL.
1707231538527	Marionette	WARN	Ignoring event 'pageshow' because document has an invalid readyState of 'uninitialized'.
JavaScript error: , line 0: TypeError: NetworkError when attempting to fetch resource.
1707231580987	Marionette	WARN	Ignoring event 'pageshow' because document has an invalid readyState of 'uninitialized'.
Exiting due to channel error.
Exiting due to channel error.
Exiting due to channel error.
Exiting due to channel error.
Exiting due to channel error.
Exiting due to channel error.
Exiting due to channel error.
Exiting due to channel error.
Exiting due to channel error.
Exiting due to channel error.
Exiting due to channel error.
Exiting due to channel error.
Exiting due to channel error.
Exiting due to channel error.
Exiting due to channel error.
ettings server
console.warn: services.settings: Allow by setting MOZ_REMOTE_SETTINGS_DEVTOOLS=1 in the environment
1707231688877	Marionette	INFO	Marionette enabled
Dynamically enable window occlusion 0
console.error: "Warning: unrecognized command line flag" "-width"
console.error: "Warning: unrecognized command line flag" "-height"
1707231689036	Marionette	INFO	Listening on port 62416
WebDriver BiDi listening on ws://127.0.0.1:62411
Read port: 62416
1707231689399	RemoteAgent	WARN	TLS certificate errors will be ignored for this session
[GFX1-]: RenderCompositorSWGL failed mapping default framebuffer, no dt
console.error: ({})
DevTools listening on ws://127.0.0.1:62411/devtools/browser/05fc69b7-7ed5-408f-878a-b0bcae9bf3cf
JavaScript error: https://static.coingecko.com/s/application-3f82b1299018dee2b3978a69b713ef1b6b6dcb49d36a8a7eb56c945192bf2204.js, line 1: ReferenceError: CKEDITOR is not defined
JavaScript warning: https://pagead2.googlesyndication.com/bg/IHSjRKKj3q_1Pt3c2sGWHmUCy_Bw5n5yhKh9CWyZSw4.js line 2 > eval line 3399 > eval line 1 > eval line 1 > eval, line 1: WEBGL_debug_renderer_info is deprecated in Firefox and will be removed. Please use RENDERER.
1707231719404	addons.xpi	ERROR	System addon update list error SyntaxError: XMLHttpRequest.open: 'http://%(server)s/dummy-system-addons.xml' is not a valid URL.
Exiting due to channel error.
Exiting due to channel error.
Exiting due to channel error.
Exiting due to channel error.
Exiting due to channel error.
Exiting due to channel error.
Exiting due to channel error.
Exiting due to channel error.
Exiting due to channel error.
Exiting due to channel error.
pData\\Local\\Temp\\rust_mozprofilet5s3Ae"
*** You are running in headless mode.
console.warn: services.settings: Ignoring preference override of remote settings server
console.warn: services.settings: Allow by setting MOZ_REMOTE_SETTINGS_DEVTOOLS=1 in the environment
1707231839203	Marionette	INFO	Marionette enabled
Dynamically enable window occlusion 0
console.error: "Warning: unrecognized command line flag" "-width"
console.error: "Warning: unrecognized command line flag" "-height"
1707231839958	Marionette	INFO	Listening on port 63083
Read port: 63083
WebDriver BiDi listening on ws://127.0.0.1:63078
1707231840738	RemoteAgent	WARN	TLS certificate errors will be ignored for this session
[GFX1-]: RenderCompositorSWGL failed mapping default framebuffer, no dt
console.error: ({})
DevTools listening on ws://127.0.0.1:63078/devtools/browser/d247279f-12ed-4c61-b1c8-ec98ffa1da52
JavaScript error: https://static.coingecko.com/s/application-3f82b1299018dee2b3978a69b713ef1b6b6dcb49d36a8a7eb56c945192bf2204.js, line 1: ReferenceError: CKEDITOR is not defined
JavaScript error: https://cdn-apac.onetrust.com/scripttemplates/202312.1.0/otBannerSdk.js, line 7: TypeError: r is undefined
JavaScript error: , line 0: AbortError: The operation was aborted. 
JavaScript warning: https://s0.2mdn.net/879366/dfa7banner_html_inpage_rendering_lib_200_268.js, line 31: Script terminated by timeout at:
I@https://s0.2mdn.net/879366/dfa7banner_html_inpage_rendering_lib_200_268.js:31:392
O@https://s0.2mdn.net/879366/dfa7banner_html_inpage_rendering_lib_200_268.js:76:1042
zi@https://s0.2mdn.net/879366/dfa7banner_html_inpage_rendering_lib_200_268.js:150:182
Z.prototype.ea@https://s0.2mdn.net/879366/dfa7banner_html_inpage_rendering_lib_200_268.js:149:297
Se/e.a</e.j<@https://s0.2mdn.net/879366/dfa7banner_html_inpage_rendering_lib_200_268.js:54:439
bf@https://s0.2mdn.net/879366/dfa7banner_html_inpage_rendering_lib_200_268.js:58:204
Ye@https://s0.2mdn.net/879366/dfa7banner_html_inpage_rendering_lib_200_268.js:58:88
N.prototype.s@https://s0.2mdn.net/879366/dfa7banner_html_inpage_rendering_lib_200_268.js:57:199
He@https://s0.2mdn.net/879366/dfa7banner_html_inpage_rendering_lib_200_268.js:51:1068

JavaScript error: https://static.coingecko.com/s/application-3f82b1299018dee2b3978a69b713ef1b6b6dcb49d36a8a7eb56c945192bf2204.js, line 1: ReferenceError: CKEDITOR is not defined
1707231869520	addons.xpi	ERROR	System addon update list error SyntaxError: XMLHttpRequest.open: 'http://%(server)s/dummy-system-addons.xml' is not a valid URL.
JavaScript error: https://cdn-apac.onetrust.com/scripttemplates/202312.1.0/otBannerSdk.js, line 7: TypeError: r is undefined
JavaScript error: https://static.coingecko.com/s/application-3f82b1299018dee2b3978a69b713ef1b6b6dcb49d36a8a7eb56c945192bf2204.js, line 1: ReferenceError: CKEDITOR is not defined
JavaScript error: https://cdn-apac.onetrust.com/scripttemplates/202312.1.0/otBannerSdk.js, line 7: TypeError: this.selector is null
1707231881883	Marionette	WARN	Ignoring event 'pageshow' because document has an invalid readyState of 'uninitialized'.
1707231881893	Marionette	WARN	Ignoring event 'pageshow' because document has an invalid readyState of 'uninitialized'.
JavaScript error: https://static.coingecko.com/s/application-3f82b1299018dee2b3978a69b713ef1b6b6dcb49d36a8a7eb56c945192bf2204.js, line 1: ReferenceError: CKEDITOR is not defined
JavaScript error: https://cdn-apac.onetrust.com/scripttemplates/202312.1.0/otBannerSdk.js, line 7: TypeError: this.selector is null
JavaScript error: https://static.coingecko.com/s/application-3f82b1299018dee2b3978a69b713ef1b6b6dcb49d36a8a7eb56c945192bf2204.js, line 1: ReferenceError: CKEDITOR is not defined
1707231905687	Marionette	WARN	Ignoring event 'DOMContentLoaded' because document has an invalid readyState of 'complete'.
JavaScript warning: https://pagead2.googlesyndication.com/bg/IHSjRKKj3q_1Pt3c2sGWHmUCy_Bw5n5yhKh9CWyZSw4.js line 2 > eval line 7707 > eval line 1 > eval line 1 > eval, line 1: WEBGL_debug_renderer_info is deprecated in Firefox and will be removed. Please use RENDERER.
JavaScript error: https://static.coingecko.com/s/application-3f82b1299018dee2b3978a69b713ef1b6b6dcb49d36a8a7eb56c945192bf2204.js, line 1: ReferenceError: CKEDITOR is not defined
A content process crashed and MOZ_CRASHREPORTER_SHUTDOWN is set, shutting down
1707231918842	Marionette	INFO	Stopped listening on port 63083
Dynamically enable window occlusion 1
Exiting due to channel error.
Exiting due to channel error.
1707231969064	geckodriver	INFO	Listening on 127.0.0.1:49939
1707231969454	mozrunner::runner	INFO	Running command: "C:\\Program Files\\Mozilla Firefox\\firefox.exe" "--marionette" "-headless" "--width=1920" "--height=1080"  ...  "--remote-allow-hosts" "localhost" "-no-remote" "-profile" "C:\\Users\\uzcheng\\AppData\\Local\\Temp\\rust_mozprofileuiHt7X"
*** You are running in headless mode.
console.warn: services.settings: Ignoring preference override of remote settings server
console.warn: services.settings: Allow by setting MOZ_REMOTE_SETTINGS_DEVTOOLS=1 in the environment
1707231971439	Marionette	INFO	Marionette enabled
Dynamically enable window occlusion 0
console.error: "Warning: unrecognized command line flag" "-width"
console.error: "Warning: unrecognized command line flag" "-height"
1707231971826	Marionette	INFO	Listening on port 49945
WebDriver BiDi listening on ws://127.0.0.1:49940
Read port: 49945
1707231972710	RemoteAgent	WARN	TLS certificate errors will be ignored for this session
[GFX1-]: RenderCompositorSWGL failed mapping default framebuffer, no dt
console.error: ({})
DevTools listening on ws://127.0.0.1:49940/devtools/browser/19ec6681-e7ac-4d87-802d-267769a82d0a
1707232001950	addons.xpi	ERROR	System addon update list error SyntaxError: XMLHttpRequest.open: 'http://%(server)s/dummy-system-addons.xml' is not a valid URL.
1707232308212	geckodriver	INFO	Listening on 127.0.0.1:50107
1707232308713	mozrunner::runner	INFO	Running command: "C:\\Program Files\\Mozilla Firefox\\firefox.exe" "--marionette" "-headless" "--width=1920" "--height=1080"  ...  "--remote-allow-hosts" "localhost" "-no-remote" "-profile" "C:\\Users\\uzcheng\\AppData\\Local\\Temp\\rust_mozprofileCjFBbI"
*** You are running in headless mode.
console.warn: services.settings: Ignoring preference override of remote settings server
console.warn: services.settings: Allow by setting MOZ_REMOTE_SETTINGS_DEVTOOLS=1 in the environment
1707232309028	Marionette	INFO	Marionette enabled
Dynamically enable window occlusion 0
console.error: "Warning: unrecognized command line flag" "-width"
console.error: "Warning: unrecognized command line flag" "-height"
1707232309096	Marionette	INFO	Listening on port 50113
WebDriver BiDi listening on ws://127.0.0.1:50108
Read port: 50113
1707232309255	RemoteAgent	WARN	TLS certificate errors will be ignored for this session
[GFX1-]: RenderCompositorSWGL failed mapping default framebuffer, no dt
console.error: ({})
DevTools listening on ws://127.0.0.1:50108/devtools/browser/b887d2cb-dae9-431e-9d3e-1248c4708c09
JavaScript warning: https://pagead2.googlesyndication.com/bg/IHSjRKKj3q_1Pt3c2sGWHmUCy_Bw5n5yhKh9CWyZSw4.js line 2 > eval line 2424 > eval line 1 > eval line 1 > eval, line 1: WEBGL_debug_renderer_info is deprecated in Firefox and will be removed. Please use RENDERER.
1707232338292	Marionette	WARN	Ignoring event 'pageshow' because document has an invalid readyState of 'uninitialized'.
1707232338374	Marionette	WARN	Ignoring event 'pageshow' because document has an invalid readyState of 'uninitialized'.
1707232339159	addons.xpi	ERROR	System addon update list error SyntaxError: XMLHttpRequest.open: 'http://%(server)s/dummy-system-addons.xml' is not a valid URL.
1707232359483	Marionette	WARN	Ignoring event 'pageshow' because document has an invalid readyState of 'uninitialized'.
1707232380807	Marionette	WARN	Ignoring event 'pageshow' because document has an invalid readyState of 'uninitialized'.
JavaScript warning: https://www.googletagservices.com/activeview/js/current/ufs_web_display.js?cache=r20110914, line 75: Script terminated by timeout at:
H.prototype.remove@https://www.googletagservices.com/activeview/js/current/ufs_web_display.js?cache=r20110914:75:28
H.prototype.unsubscribe@https://www.googletagservices.com/activeview/js/current/ufs_web_display.js?cache=r20110914:73:153
n.unsubscribe@https://www.googletagservices.com/activeview/js/current/ufs_web_display.js?cache=r20110914:76:177
Zc.prototype.D@https://www.googletagservices.com/activeview/js/current/ufs_web_display.js?cache=r20110914:90:1173
n.complete@https://www.googletagservices.com/activeview/js/current/ufs_web_display.js?cache=r20110914:76:98
n.D@https://www.googletagservices.com/activeview/js/current/ufs_web_display.js?cache=r20110914:76:326
n.complete@https://www.googletagservices.com/activeview/js/current/ufs_web_display.js?cache=r20110914:76:98
n.D@https://www.googletagservices.com/activeview/js/current/ufs_web_display.js?cache=r20110914:76:326
n.complete@https://www.googletagservices.com/activeview/js/current/ufs_web_display.js?cache=r20110914:76:98
R.prototype.U@https://www.googletagservices.com/activeview/js/current/ufs_web_display.js?cache=r20110914:92:43
n.U@https://www.googletagservices.com/activeview/js/current/ufs_web_display.js?cache=r20110914:101:417
$c.prototype.D@https://www.googletagservices.com/activeview/js/current/ufs_web_display.js?cache=r20110914:91:39
n.complete@https://www.googletagservices.com/activeview/js/current/ufs_web_display.js?cache=r20110914:76:98
Rh/c/</</<@https://www.googletagservices.com/activeview/js/current/ufs_web_display.js?cache=r20110914:152:430
Va@https://www.googletagservices.com/activeview/js/current/ufs_web_display.js?cache=r20110914:47:339
Sa.prototype.flush@https://www.googletagservices.com/activeview/js/current/ufs_web_display.js?cache=r20110914:47:127
Ua@https://www.googletagservices.com/activeview/js/current/ufs_web_display.js?cache=r20110914:46:466
Rh/c/</<@https://www.googletagservices.com/activeview/js/current/ufs_web_display.js?cache=r20110914:152:292
n.Id@https://www.googletagservices.com/activeview/js/current/ufs_web_display.js?cache=r20110914:78:425
n.next@https://www.googletagservices.com/activeview/js/current/ufs_web_display.js?cache=r20110914:77:439
n.o@https://www.googletagservices.com/activeview/js/current/ufs_web_display.js?cache=r20110914:76:223
n.next@https://www.googletagservices.com/activeview/js/current/ufs_web_display.js?cache=r20110914:75:859
Xg/</</</<@https://www.googletagservices.com/activeview/js/current/ufs_web_display.js?cache=r20110914:138:237
Ra.prototype.Zb/<@https://www.googletagservices.com/activeview/js/current/ufs_web_display.js?cache=r20110914:46:298
Xg/</</<@https://www.googletagservices.com/activeview/js/current/ufs_web_display.js?cache=r20110914:138:246
n.Id@https://www.googletagservices.com/activeview/js/current/ufs_web_display.js?cache=r20110914:78:425
n.next@https://www.googletagservices.com/activeview/js/current/ufs_web_display.js?cache=r20110914:77:439
n.o@https://www.googletagservices.com/activeview/js/current/ufs_web_display.js?cache=r20110914:76:223
n.next@https://www.googletagservices.com/activeview/js/current/ufs_web_display.js?cache=r20110914:75:859
Xg/</</</<@https://www.googletagservices.com/activeview/js/current/ufs_web_display.js?cache=r20110914:138:237
Ra.prototype.Zb/<@https://www.googletagservices.com/activeview/js/current/ufs_web_display.js?cache=r20110914:46:298
Xg/</</<@https://www.googletagservices.com/activeview/js/current/ufs_web_display.js?cache=r20110914:138:246
n.Id@https://www.googletagservices.com/activeview/js/current/ufs_web_display.js?cache=r20110914:78:425
n.next@https://www.googletagservices.com/activeview/js/current/ufs_web_display.js?cache=r20110914:77:439
n.o@https://www.googletagservices.com/activeview/js/current/ufs_web_display.js?cache=r20110914:76:223
n.next@https://www.googletagservices.com/activeview/js/current/ufs_web_display.js?cache=r20110914:75:859
qd/</<@https://www.googletagservices.com/activeview/js/current/ufs_web_display.js?cache=r20110914:96:671

JavaScript error: https://static.coingecko.com/s/application-3f82b1299018dee2b3978a69b713ef1b6b6dcb49d36a8a7eb56c945192bf2204.js, line 1: ReferenceError: CKEDITOR is not defined
JavaScript warning: https://pagead2.googlesyndication.com/bg/IHSjRKKj3q_1Pt3c2sGWHmUCy_Bw5n5yhKh9CWyZSw4.js line 2 > eval line 7234 > eval line 1 > eval line 1 > eval, line 1: WEBGL_debug_renderer_info is deprecated in Firefox and will be removed. Please use RENDERER.
JavaScript warning: https://ads.pubmatic.com/AdServer/js/user_sync.html?kdntuid=1&p=162289, line 1: Script terminated by timeout at:
F@https://ads.pubmatic.com/AdServer/js/user_sync.html?kdntuid=1&p=162289:1:9765
q@https://ads.pubmatic.com/AdServer/js/user_sync.html?kdntuid=1&p=162289:1:9870
x@https://ads.pubmatic.com/AdServer/js/user_sync.html?kdntuid=1&p=162289:1:11274

JavaScript error: https://static.coingecko.com/s/application-3f82b1299018dee2b3978a69b713ef1b6b6dcb49d36a8a7eb56c945192bf2204.js, line 1: ReferenceError: CKEDITOR is not defined
JavaScript error: , line 0: TypeError: NetworkError when attempting to fetch resource.
JavaScript warning: https://pagead2.googlesyndication.com/bg/IHSjRKKj3q_1Pt3c2sGWHmUCy_Bw5n5yhKh9CWyZSw4.js line 2 > eval line 2772 > eval line 1 > eval line 1 > eval, line 1: WEBGL_debug_renderer_info is deprecated in Firefox and will be removed. Please use RENDERER.
Exiting due to channel error.
Exiting due to channel error.
Exiting due to channel error.
Exiting due to channel error.
Exiting due to channel error.
Exiting due to channel error.
1707233232883	geckodriver	INFO	Listening on 127.0.0.1:55875
1707233233366	mozrunner::runner	INFO	Running command: "C:\\Program Files\\Mozilla Firefox\\firefox.exe" "--marionette" "-headless" "--width=1920" "--height=1080"  ...  "--remote-allow-hosts" "localhost" "-no-remote" "-profile" "C:\\Users\\uzcheng\\AppData\\Local\\Temp\\rust_mozprofile9oSYvM"
*** You are running in headless mode.
console.warn: services.settings: Ignoring preference override of remote settings server
console.warn: services.settings: Allow by setting MOZ_REMOTE_SETTINGS_DEVTOOLS=1 in the environment
1707233233682	Marionette	INFO	Marionette enabled
Dynamically enable window occlusion 0
console.error: "Warning: unrecognized command line flag" "-width"
console.error: "Warning: unrecognized command line flag" "-height"
1707233233736	Marionette	INFO	Listening on port 55881
WebDriver BiDi listening on ws://127.0.0.1:55876
Read port: 55881
1707233233898	RemoteAgent	WARN	TLS certificate errors will be ignored for this session
[GFX1-]: RenderCompositorSWGL failed mapping default framebuffer, no dt
console.error: ({})
DevTools listening on ws://127.0.0.1:55876/devtools/browser/fa06afbb-ebf7-4489-ad42-861d326db944
console.error: (new TypeError("linkMap is undefined", "resource://gre/modules/NewTabUtils.sys.mjs", 2001))
1707233264714	addons.xpi	ERROR	System addon update list error SyntaxError: XMLHttpRequest.open: 'http://%(server)s/dummy-system-addons.xml' is not a valid URL.
1707235007367	geckodriver	INFO	Listening on 127.0.0.1:52947
1707235007856	mozrunner::runner	INFO	Running command: "C:\\Program Files\\Mozilla Firefox\\firefox.exe" "--marionette" "--width=1920" "--height=1080" "--remote-de ...  "--remote-allow-hosts" "localhost" "-no-remote" "-profile" "C:\\Users\\uzcheng\\AppData\\Local\\Temp\\rust_mozprofileKDpz4Z"
console.warn: services.settings: Ignoring preference override of remote settings server
console.warn: services.settings: Allow by setting MOZ_REMOTE_SETTINGS_DEVTOOLS=1 in the environment
1707235008197	Marionette	INFO	Marionette enabled
Dynamically enable window occlusion 0
console.error: "Warning: unrecognized command line flag" "-width"
console.error: "Warning: unrecognized command line flag" "-height"
1707235008270	Marionette	INFO	Listening on port 52953
WebDriver BiDi listening on ws://127.0.0.1:52948
Read port: 52953
1707235008452	RemoteAgent	WARN	TLS certificate errors will be ignored for this session
DevTools listening on ws://127.0.0.1:52948/devtools/browser/b87b66df-cae6-4a7c-8554-c07a404c635a
console.error: (new TypeError("linkMap is undefined", "resource://gre/modules/NewTabUtils.sys.mjs", 2001))
1707235038306	addons.xpi	ERROR	System addon update list error SyntaxError: XMLHttpRequest.open: 'http://%(server)s/dummy-system-addons.xml' is not a valid URL.
console.warn: services.settings: main/search-config Signature verified failed. Retry from scratch
JavaScript error: resource://gre/modules/XULStore.sys.mjs, line 60: Error: Can't find profile directory.
JavaScript warning: https://www.youtube.com/s/desktop/2e540ce9/jsbin/desktop_polymer.vflset/desktop_polymer.js, line 2640: Script terminated by timeout at:
Qp.prototype.transition@https://www.youtube.com/s/desktop/2e540ce9/jsbin/desktop_polymer.vflset/desktop_polymer.js:2640:93
yK/<@https://www.youtube.com/s/desktop/2e540ce9/jsbin/desktop_polymer.vflset/desktop_polymer.js:9406:114

1707235365241	Marionette	INFO	Stopped listening on port 52953
Dynamically enable window occlusion 1
1707235405609	geckodriver	INFO	Listening on 127.0.0.1:53217
1707235406094	mozrunner::runner	INFO	Running command: "C:\\Program Files\\Mozilla Firefox\\firefox.exe" "--marionette" "--width=1920" "--height=1080" "--remote-de ...  "--remote-allow-hosts" "localhost" "-no-remote" "-profile" "C:\\Users\\uzcheng\\AppData\\Local\\Temp\\rust_mozprofileCQvPW8"
console.warn: services.settings: Ignoring preference override of remote settings server
console.warn: services.settings: Allow by setting MOZ_REMOTE_SETTINGS_DEVTOOLS=1 in the environment
1707235406428	Marionette	INFO	Marionette enabled
Dynamically enable window occlusion 0
console.error: "Warning: unrecognized command line flag" "-width"
console.error: "Warning: unrecognized command line flag" "-height"
1707235406498	Marionette	INFO	Listening on port 53223
Read port: 53223
WebDriver BiDi listening on ws://127.0.0.1:53218
1707235406560	RemoteAgent	WARN	TLS certificate errors will be ignored for this session
DevTools listening on ws://127.0.0.1:53218/devtools/browser/7b544adc-6d18-47bc-a096-01e45a1665da
console.error: (new TypeError("linkMap is undefined", "resource://gre/modules/NewTabUtils.sys.mjs", 2001))
1707235436957	addons.xpi	ERROR	System addon update list error SyntaxError: XMLHttpRequest.open: 'http://%(server)s/dummy-system-addons.xml' is not a valid URL.
console.warn: services.settings: main/search-config Signature verified failed. Retry from scratch
1707235632237	Marionette	INFO	Stopped listening on port 53223
Dynamically enable window occlusion 1
1707235718780	geckodriver	INFO	Listening on 127.0.0.1:53305
1707235719282	mozrunner::runner	INFO	Running command: "C:\\Program Files\\Mozilla Firefox\\firefox.exe" "--marionette" "--width=1920" "--height=1080" "--remote-de ...  "--remote-allow-hosts" "localhost" "-no-remote" "-profile" "C:\\Users\\uzcheng\\AppData\\Local\\Temp\\rust_mozprofilebhKPNN"
console.warn: services.settings: Ignoring preference override of remote settings server
console.warn: services.settings: Allow by setting MOZ_REMOTE_SETTINGS_DEVTOOLS=1 in the environment
1707235719601	Marionette	INFO	Marionette enabled
Dynamically enable window occlusion 0
console.error: "Warning: unrecognized command line flag" "-width"
console.error: "Warning: unrecognized command line flag" "-height"
1707235719692	Marionette	INFO	Listening on port 53312
WebDriver BiDi listening on ws://127.0.0.1:53306
Read port: 53312
1707235719877	RemoteAgent	WARN	TLS certificate errors will be ignored for this session
DevTools listening on ws://127.0.0.1:53306/devtools/browser/af408062-1bd2-4f6d-97d1-d7c165f27db7
console.error: (new TypeError("linkMap is undefined", "resource://gre/modules/NewTabUtils.sys.mjs", 2001))
1707235750644	addons.xpi	ERROR	System addon update list error SyntaxError: XMLHttpRequest.open: 'http://%(server)s/dummy-system-addons.xml' is not a valid URL.
1707235754219	Marionette	INFO	Stopped listening on port 53312
Dynamically enable window occlusion 1
1707236962081	geckodriver	INFO	Listening on 127.0.0.1:53629
1707236962574	mozrunner::runner	INFO	Running command: "C:\\Program Files\\Mozilla Firefox\\firefox.exe" "--marionette" "--width=1920" "--height=1080" "--remote-de ...  "--remote-allow-hosts" "localhost" "-no-remote" "-profile" "C:\\Users\\uzcheng\\AppData\\Local\\Temp\\rust_mozprofile7TLYsY"
console.warn: services.settings: Ignoring preference override of remote settings server
console.warn: services.settings: Allow by setting MOZ_REMOTE_SETTINGS_DEVTOOLS=1 in the environment
1707236962906	Marionette	INFO	Marionette enabled
Dynamically enable window occlusion 0
console.error: "Warning: unrecognized command line flag" "-width"
console.error: "Warning: unrecognized command line flag" "-height"
1707236962980	Marionette	INFO	Listening on port 53636
Read port: 53636
WebDriver BiDi listening on ws://127.0.0.1:53630
1707236963060	RemoteAgent	WARN	TLS certificate errors will be ignored for this session
DevTools listening on ws://127.0.0.1:53630/devtools/browser/a0eba206-25eb-456f-8545-18c6e5d7d19b
1707236993488	addons.xpi	ERROR	System addon update list error SyntaxError: XMLHttpRequest.open: 'http://%(server)s/dummy-system-addons.xml' is not a valid URL.
1707237157703	Marionette	INFO	Stopped listening on port 53636
Dynamically enable window occlusion 1
1707237888626	geckodriver	INFO	Listening on 127.0.0.1:60621
1707237889122	mozrunner::runner	INFO	Running command: "C:\\Program Files\\Mozilla Firefox\\firefox.exe" "--marionette" "--width=1920" "--height=1080" "--remote-de ...  "--remote-allow-hosts" "localhost" "-no-remote" "-profile" "C:\\Users\\uzcheng\\AppData\\Local\\Temp\\rust_mozprofileKalb23"
console.warn: services.settings: Ignoring preference override of remote settings server
console.warn: services.settings: Allow by setting MOZ_REMOTE_SETTINGS_DEVTOOLS=1 in the environment
1707237889584	Marionette	INFO	Marionette enabled
Dynamically enable window occlusion 0
console.error: "Warning: unrecognized command line flag" "-width"
console.error: "Warning: unrecognized command line flag" "-height"
1707237889652	Marionette	INFO	Listening on port 60628
WebDriver BiDi listening on ws://127.0.0.1:60622
Read port: 60628
1707237889837	RemoteAgent	WARN	TLS certificate errors will be ignored for this session
DevTools listening on ws://127.0.0.1:60622/devtools/browser/4beb8657-824b-4036-95a4-d76caf4bca37
1707237920285	addons.xpi	ERROR	System addon update list error SyntaxError: XMLHttpRequest.open: 'http://%(server)s/dummy-system-addons.xml' is not a valid URL.
console.error: (new TypeError("linkMap is undefined", "resource://gre/modules/NewTabUtils.sys.mjs", 2001))
JavaScript warning: https://www.youtube.com/s/desktop/2e540ce9/jsbin/desktop_polymer.vflset/desktop_polymer.js, line 7287: Script terminated by timeout at:
vnb@https://www.youtube.com/s/desktop/2e540ce9/jsbin/desktop_polymer.vflset/desktop_polymer.js:7287:206
rF@https://www.youtube.com/s/desktop/2e540ce9/jsbin/desktop_polymer.vflset/desktop_polymer.js:7330:13
f.renderIdom@https://www.youtube.com/s/desktop/2e540ce9/jsbin/desktop_polymer.vflset/desktop_polymer.js:13158:224
f.doIdomRender/<@https://www.youtube.com/s/desktop/2e540ce9/jsbin/desktop_polymer.vflset/desktop_polymer.js:7074:71
zs</<@https://www.youtube.com/s/desktop/2e540ce9/jsbin/desktop_polymer.vflset/desktop_polymer.js:3329:64
kMa/<@https://www.youtube.com/s/desktop/2e540ce9/jsbin/desktop_polymer.vflset/desktop_polymer.js:3327:407
f.doIdomRender@https://www.youtube.com/s/desktop/2e540ce9/jsbin/desktop_polymer.vflset/desktop_polymer.js:7074:40
AE.prototype.doRender@https://www.youtube.com/s/desktop/2e540ce9/jsbin/desktop_polymer.vflset/desktop_polymer.js:7029:57
Pgb.prototype.run/this.jobHandle<@https://www.youtube.com/s/desktop/2e540ce9/jsbin/desktop_polymer.vflset/desktop_polymer.js:6612:105
Ngb/this.handleId<@https://www.youtube.com/s/desktop/2e540ce9/jsbin/desktop_polymer.vflset/desktop_polymer.js:6606:125
Jgb@https://www.youtube.com/s/desktop/2e540ce9/jsbin/desktop_polymer.vflset/desktop_polymer.js:6600:274

1707237998538	Marionette	INFO	Stopped listening on port 60628
Dynamically enable window occlusion 1
1707238005999	geckodriver	INFO	Listening on 127.0.0.1:60716
1707238006504	mozrunner::runner	INFO	Running command: "C:\\Program Files\\Mozilla Firefox\\firefox.exe" "--marionette" "--width=1920" "--height=1080" "--remote-de ...  "--remote-allow-hosts" "localhost" "-no-remote" "-profile" "C:\\Users\\uzcheng\\AppData\\Local\\Temp\\rust_mozprofileMly8Yj"
console.warn: services.settings: Ignoring preference override of remote settings server
console.warn: services.settings: Allow by setting MOZ_REMOTE_SETTINGS_DEVTOOLS=1 in the environment
1707238006921	Marionette	INFO	Marionette enabled
Dynamically enable window occlusion 0
console.error: "Warning: unrecognized command line flag" "-width"
console.error: "Warning: unrecognized command line flag" "-height"
1707238007011	Marionette	INFO	Listening on port 60722
Read port: 60722
WebDriver BiDi listening on ws://127.0.0.1:60717
1707238007086	RemoteAgent	WARN	TLS certificate errors will be ignored for this session
DevTools listening on ws://127.0.0.1:60717/devtools/browser/a6322767-146e-4e7f-9674-152440305f4c
console.error: (new TypeError("linkMap is undefined", "resource://gre/modules/NewTabUtils.sys.mjs", 2001))
1707238038733	addons.xpi	ERROR	System addon update list error SyntaxError: XMLHttpRequest.open: 'http://%(server)s/dummy-system-addons.xml' is not a valid URL.
