1707245720455	geckodriver	INFO	Listening on 127.0.0.1:59531
1707245720964	mozrunner::runner	INFO	Running command: "C:\\Program Files\\Mozilla Firefox\\firefox.exe" "--marionette" "--width=1920" "--height=1080" "--remote-de ...  "--remote-allow-hosts" "localhost" "-no-remote" "-profile" "C:\\Users\\uzcheng\\AppData\\Local\\Temp\\rust_mozprofileiBsIx6"
console.warn: services.settings: Ignoring preference override of remote settings server
console.warn: services.settings: Allow by setting MOZ_REMOTE_SETTINGS_DEVTOOLS=1 in the environment
1707245721279	Marionette	INFO	Marionette enabled
Dynamically enable window occlusion 0
console.error: "Warning: unrecognized command line flag" "-width"
console.error: "Warning: unrecognized command line flag" "-height"
1707245721352	Marionette	INFO	Listening on port 59537
WebDriver BiDi listening on ws://127.0.0.1:59532
Read port: 59537
1707245721511	RemoteAgent	WARN	TLS certificate errors will be ignored for this session
DevTools listening on ws://127.0.0.1:59532/devtools/browser/7b66483a-0df1-46d9-81ad-499613ab0553
1707245751431	addons.xpi	ERROR	System addon update list error SyntaxError: XMLHttpRequest.open: 'http://%(server)s/dummy-system-addons.xml' is not a valid URL.
console.error: ({})
JavaScript error: resource://gre/modules/XULStore.sys.mjs, line 60: Error: Can't find profile directory.
1707247431773	Marionette	INFO	Stopped listening on port 59537
Dynamically enable window occlusion 1
ng command: "C:\\Program Files\\Mozilla Firefox\\firefox.exe" "--marionette" "--width=1920" "--height=1080" "--remote-de ...  "--remote-allow-hosts" "localhost" "-no-remote" "-profile" "C:\\Users\\uzcheng\\AppData\\Local\\Temp\\rust_mozprofileFjqLi6"
console.warn: services.settings: Ignoring preference override of remote settings server
console.warn: services.settings: Allow by setting MOZ_REMOTE_SETTINGS_DEVTOOLS=1 in the environment
1707246227726	Marionette	INFO	Marionette enabled
Dynamically enable window occlusion 0
console.error: "Warning: unrecognized command line flag" "-width"
console.error: "Warning: unrecognized command line flag" "-height"
1707246227797	Marionette	INFO	Listening on port 59657
WebDriver BiDi listening on ws://127.0.0.1:59652
Read port: 59657
1707246227961	RemoteAgent	WARN	TLS certificate errors will be ignored for this session
DevTools listening on ws://127.0.0.1:59652/devtools/browser/c54742e7-263d-4bac-93b9-a8e7bdba6ed2
1707246258097	addons.xpi	ERROR	System addon update list error SyntaxError: XMLHttpRequest.open: 'http://%(server)s/dummy-system-addons.xml' is not a valid URL.
console.error: ({})
JavaScript warning: resource://devtools/client/jsonview/lib/require.js, line 60: Script terminated by timeout at:
each@resource://devtools/client/jsonview/lib/require.js:60:25
enable@resource://devtools/client/jsonview/lib/require.js:1102:21
init@resource://devtools/client/jsonview/lib/require.js:786:26
callGetModule@resource://devtools/client/jsonview/lib/require.js:1182:63
completeLoad@resource://devtools/client/jsonview/lib/require.js:1556:34
onScriptLoad@resource://devtools/client/jsonview/lib/require.js:1683:29

1707246424345	Marionette	INFO	Stopped listening on port 59657
Dynamically enable window occlusion 1
1707246433736	geckodriver	INFO	Listening on 127.0.0.1:59727
1707246434224	mozrunner::runner	INFO	Running command: "C:\\Program Files\\Mozilla Firefox\\firefox.exe" "--marionette" "--width=1920" "--height=1080" "--remote-de ...  "--remote-allow-hosts" "localhost" "-no-remote" "-profile" "C:\\Users\\uzcheng\\AppData\\Local\\Temp\\rust_mozprofilelK1QAO"
console.warn: services.settings: Ignoring preference override of remote settings server
console.warn: services.settings: Allow by setting MOZ_REMOTE_SETTINGS_DEVTOOLS=1 in the environment
1707246434603	Marionette	INFO	Marionette enabled
Dynamically enable window occlusion 0
console.error: "Warning: unrecognized command line flag" "-width"
console.error: "Warning: unrecognized command line flag" "-height"
1707246434667	Marionette	INFO	Listening on port 59733
WebDriver BiDi listening on ws://127.0.0.1:59728
Read port: 59733
1707246434828	RemoteAgent	WARN	TLS certificate errors will be ignored for this session
DevTools listening on ws://127.0.0.1:59728/devtools/browser/6a93f173-e043-42f7-964e-65f1de4b8c62
console.error: ({})
JavaScript error: resource://devtools/client/jsonview/lib/require.js, line 170: Error: Script error for: devtools/client/shared/components/tree/TreeCell
http://requirejs.org/docs/errors.html#scripterror
JavaScript error: resource://devtools/client/jsonview/lib/require.js, line 170: Error: Script error for: devtools/client/shared/components/tree/LabelCell
http://requirejs.org/docs/errors.html#scripterror
JavaScript error: resource://devtools/client/jsonview/lib/require.js, line 170: Error: Script error for: devtools/client/shared/focus
http://requirejs.org/docs/errors.html#scripterror
JavaScript error: resource://devtools/client/jsonview/lib/require.js, line 170: Error: Script error for: devtools/client/shared/components/reps/reps/undefined
http://requirejs.org/docs/errors.html#scripterror
JavaScript error: resource://devtools/client/jsonview/lib/require.js, line 170: Error: Script error for: devtools/client/shared/components/reps/reps/null
http://requirejs.org/docs/errors.html#scripterror
JavaScript error: resource://devtools/client/jsonview/lib/require.js, line 170: Error: Script error for: devtools/client/shared/components/reps/reps/string
http://requirejs.org/docs/errors.html#scripterror
JavaScript error: resource://devtools/client/jsonview/lib/require.js, line 170: Error: Script error for: devtools/client/shared/components/reps/reps/number
http://requirejs.org/docs/errors.html#scripterror
JavaScript error: resource://devtools/client/jsonview/lib/require.js, line 170: Error: Script error for: devtools/client/shared/components/reps/reps/array
http://requirejs.org/docs/errors.html#scripterror
JavaScript error: resource://devtools/client/jsonview/lib/require.js, line 170: Error: Script error for: devtools/client/shared/components/reps/reps/object
http://requirejs.org/docs/errors.html#scripterror
JavaScript error: resource://devtools/client/jsonview/lib/require.js, line 170: Error: Script error for: devtools/client/shared/components/reps/reps/symbol
http://requirejs.org/docs/errors.html#scripterror
JavaScript error: resource://devtools/client/jsonview/lib/require.js, line 170: Error: Script error for: devtools/client/shared/components/reps/reps/infinity
http://requirejs.org/docs/errors.html#scripterror
JavaScript error: resource://devtools/client/jsonview/lib/require.js, line 170: Error: Script error for: devtools/client/shared/components/reps/reps/nan
http://requirejs.org/docs/errors.html#scripterror
JavaScript error: resource://devtools/client/jsonview/lib/require.js, line 170: Error: Script error for: devtools/client/shared/components/reps/reps/accessor
http://requirejs.org/docs/errors.html#scripterror
JavaScript error: resource://devtools/client/jsonview/lib/require.js, line 170: Error: Script error for: devtools/client/shared/components/reps/reps/accessible
http://requirejs.org/docs/errors.html#scripterror
JavaScript error: resource://devtools/client/jsonview/lib/require.js, line 170: Error: Script error for: devtools/client/shared/components/reps/reps/attribute
http://requirejs.org/docs/errors.html#scripterror
JavaScript error: resource://devtools/client/jsonview/lib/require.js, line 170: Error: Script error for: devtools/client/shared/components/reps/reps/big-int
http://requirejs.org/docs/errors.html#scripterror
JavaScript error: resource://devtools/client/jsonview/lib/require.js, line 170: Error: Script error for: devtools/client/shared/components/reps/reps/date-time
http://requirejs.org/docs/errors.html#scripterror
JavaScript error: resource://devtools/client/jsonview/lib/require.js, line 170: Error: Script error for: devtools/client/shared/components/reps/reps/document
http://requirejs.org/docs/errors.html#scripterror
JavaScript error: resource://devtools/client/jsonview/lib/require.js, line 170: Error: Script error for: devtools/client/shared/components/reps/reps/document-type
http://requirejs.org/docs/errors.html#scripterror
JavaScript error: resource://devtools/client/jsonview/lib/require.js, line 170: Error: Script error for: devtools/client/shared/components/reps/reps/event
http://requirejs.org/docs/errors.html#scripterror
JavaScript error: resource://devtools/client/jsonview/lib/require.js, line 170: Error: Script error for: devtools/client/shared/components/reps/reps/function
http://requirejs.org/docs/errors.html#scripterror
JavaScript error: resource://devtools/client/jsonview/lib/require.js, line 170: Error: Script error for: devtools/client/shared/components/reps/reps/promise
http://requirejs.org/docs/errors.html#scripterror
JavaScript error: resource://devtools/client/jsonview/lib/require.js, line 170: Error: Script error for: devtools/client/shared/components/reps/reps/regexp
http://requirejs.org/docs/errors.html#scripterror
JavaScript error: resource://devtools/client/jsonview/lib/require.js, line 170: Error: Script error for: devtools/client/shared/components/reps/reps/stylesheet
http://requirejs.org/docs/errors.html#scripterror
JavaScript error: resource://devtools/client/jsonview/lib/require.js, line 170: Error: Script error for: devtools/client/shared/components/reps/reps/comment-node
http://requirejs.org/docs/errors.html#scripterror
JavaScript error: resource://devtools/client/jsonview/lib/require.js, line 170: Error: Script error for: devtools/client/shared/components/reps/reps/element-node
http://requirejs.org/docs/errors.html#scripterror
JavaScript error: resource://devtools/client/jsonview/lib/require.js, line 170: Error: Script error for: devtools/client/shared/components/reps/reps/text-node
http://requirejs.org/docs/errors.html#scripterror
JavaScript error: resource://devtools/client/jsonview/lib/require.js, line 170: Error: Script error for: devtools/client/shared/components/reps/reps/error
http://requirejs.org/docs/errors.html#scripterror
JavaScript error: resource://devtools/client/jsonview/lib/require.js, line 170: Error: Script error for: devtools/client/shared/components/reps/reps/window
http://requirejs.org/docs/errors.html#scripterror
JavaScript error: resource://devtools/client/jsonview/lib/require.js, line 170: Error: Script error for: devtools/client/shared/components/reps/reps/object-with-text
http://requirejs.org/docs/errors.html#scripterror
JavaScript error: resource://devtools/client/jsonview/lib/require.js, line 170: Error: Script error for: devtools/client/shared/components/reps/reps/object-with-url
http://requirejs.org/docs/errors.html#scripterror
JavaScript error: resource://devtools/client/jsonview/lib/require.js, line 170: Error: Script error for: devtools/client/shared/components/reps/reps/grip-array
http://requirejs.org/docs/errors.html#scripterror
JavaScript error: resource://devtools/client/jsonview/lib/require.js, line 170: Error: Script error for: devtools/client/shared/components/reps/reps/grip-entry
http://requirejs.org/docs/errors.html#scripterror
JavaScript error: resource://devtools/client/jsonview/lib/require.js, line 170: Error: Script error for: devtools/client/shared/components/reps/reps/grip-map
http://requirejs.org/docs/errors.html#scripterror
JavaScript error: resource://devtools/client/jsonview/lib/require.js, line 170: Error: Script error for: devtools/client/shared/components/reps/reps/grip
http://requirejs.org/docs/errors.html#scripterror
1707246466001	addons.xpi	ERROR	System addon update list error SyntaxError: XMLHttpRequest.open: 'http://%(server)s/dummy-system-addons.xml' is not a valid URL.
console.error: ({})
JavaScript error: resource://devtools/client/jsonview/lib/require.js, line 170: Error: Script error for: devtools/client/shared/vendor/react-dom-factories
http://requirejs.org/docs/errors.html#scripterror
JavaScript error: resource://devtools/client/jsonview/lib/require.js, line 170: Error: Script error for: devtools/client/shared/components/tree/ObjectProvider
http://requirejs.org/docs/errors.html#scripterror
JavaScript error: resource://devtools/client/jsonview/lib/require.js, line 170: Error: Script error for: devtools/client/shared/components/tree/TreeRow
http://requirejs.org/docs/errors.html#scripterror
JavaScript error: resource://devtools/client/jsonview/lib/require.js, line 170: Error: Script error for: devtools/client/shared/components/tree/TreeHeader
http://requirejs.org/docs/errors.html#scripterror
JavaScript error: resource://devtools/client/jsonview/lib/require.js, line 170: Error: Script error for: devtools/client/shared/scroll
http://requirejs.org/docs/errors.html#scripterror
JavaScript error: resource://devtools/client/jsonview/lib/require.js, line 170: Error: Script error for: devtools/client/jsonview/components/JsonToolbar
http://requirejs.org/docs/errors.html#scripterror
JavaScript error: resource://devtools/client/jsonview/lib/require.js, line 170: Error: Script error for: devtools/client/shared/components/reps/reps/constants
http://requirejs.org/docs/errors.html#scripterror
JavaScript error: resource://devtools/client/jsonview/lib/require.js, line 170: Error: Script error for: devtools/client/shared/components/reps/reps/rep
http://requirejs.org/docs/errors.html#scripterror
JavaScript error: resource://devtools/client/jsonview/lib/require.js, line 170: Error: Script error for: devtools/client/jsonview/components/TextToolbar
http://requirejs.org/docs/errors.html#scripterror
JavaScript error: resource://devtools/client/jsonview/lib/require.js, line 170: Error: Script error for: devtools/client/jsonview/components/LiveText
http://requirejs.org/docs/errors.html#scripterror
JavaScript error: resource://devtools/client/jsonview/lib/require.js, line 170: Error: Script error for: devtools/client/jsonview/components/Headers
http://requirejs.org/docs/errors.html#scripterror
JavaScript error: resource://devtools/client/jsonview/lib/require.js, line 170: Error: Script error for: devtools/client/jsonview/components/HeadersToolbar
http://requirejs.org/docs/errors.html#scripterror
console.error: ({})
JavaScript error: resource://gre/modules/XULStore.sys.mjs, line 60: Error: Can't find profile directory.
console.error: ({})
JavaScript warning: resource://devtools/client/jsonview/lib/require.js, line 1593: Script terminated by timeout at:
nameToUrl@resource://devtools/client/jsonview/lib/require.js:1593:31
makeModuleMap@resource://devtools/client/jsonview/lib/require.js:474:35
newContext/enable/<@resource://devtools/client/jsonview/lib/require.js:1108:34
bind/<@resource://devtools/client/jsonview/lib/require.js:136:23
each@resource://devtools/client/jsonview/lib/require.js:61:31
enable@resource://devtools/client/jsonview/lib/require.js:1102:21
init@resource://devtools/client/jsonview/lib/require.js:786:26
callGetModule@resource://devtools/client/jsonview/lib/require.js:1182:63
completeLoad@resource://devtools/client/jsonview/lib/require.js:1556:34
onScriptLoad@resource://devtools/client/jsonview/lib/require.js:1683:29

console.error: ({})
console.error: ({})
JavaScript error: resource://gre/modules/XULStore.sys.mjs, line 60: Error: Can't find profile directory.
console.error: ({})
JavaScript error: resource://gre/modules/XULStore.sys.mjs, line 60: Error: Can't find profile directory.
console.error: ({})
console.error: ({})
console.error: ({})
JavaScript error: resource://gre/modules/XULStore.sys.mjs, line 60: Error: Can't find profile directory.
console.error: ({})
console.error: ({})
1707246910448	Marionette	INFO	Stopped listening on port 59733
Dynamically enable window occlusion 1
